16-Apr-2018 11:13:20.065 INFO [main] org.apache.catalina.startup.VersionLoggerListener.log Server version:        Apache Tomcat/9.0.7
16-Apr-2018 11:13:20.128 INFO [main] org.apache.catalina.startup.VersionLoggerListener.log Server built:          Apr 3 2018 19:53:05 UTC
16-Apr-2018 11:13:20.128 INFO [main] org.apache.catalina.startup.VersionLoggerListener.log Server number:         9.0.7.0
16-Apr-2018 11:13:20.128 INFO [main] org.apache.catalina.startup.VersionLoggerListener.log OS Name:               Windows 8.1
16-Apr-2018 11:13:20.128 INFO [main] org.apache.catalina.startup.VersionLoggerListener.log OS Version:            6.3
16-Apr-2018 11:13:20.128 INFO [main] org.apache.catalina.startup.VersionLoggerListener.log Architecture:          amd64
16-Apr-2018 11:13:20.128 INFO [main] org.apache.catalina.startup.VersionLoggerListener.log Java Home:             C:\Program Files\Java\jdk1.8.0_161\jre
16-Apr-2018 11:13:20.128 INFO [main] org.apache.catalina.startup.VersionLoggerListener.log JVM Version:           1.8.0_161-b12
16-Apr-2018 11:13:20.128 INFO [main] org.apache.catalina.startup.VersionLoggerListener.log JVM Vendor:            Oracle Corporation
16-Apr-2018 11:13:20.128 INFO [main] org.apache.catalina.startup.VersionLoggerListener.log CATALINA_BASE:         C:\Users\User_1\Desktop\Тестове завдання\apache-tomcat-9.0.7
16-Apr-2018 11:13:20.144 INFO [main] org.apache.catalina.startup.VersionLoggerListener.log CATALINA_HOME:         C:\Users\User_1\Desktop\Тестове завдання\apache-tomcat-9.0.7
16-Apr-2018 11:13:20.144 INFO [main] org.apache.catalina.startup.VersionLoggerListener.log Command line argument: -Djava.util.logging.config.file=C:\Users\User_1\Desktop\Тестове завдання\apache-tomcat-9.0.7\conf\logging.properties
16-Apr-2018 11:13:20.144 INFO [main] org.apache.catalina.startup.VersionLoggerListener.log Command line argument: -Djava.util.logging.manager=org.apache.juli.ClassLoaderLogManager
16-Apr-2018 11:13:20.144 INFO [main] org.apache.catalina.startup.VersionLoggerListener.log Command line argument: -Djdk.tls.ephemeralDHKeySize=2048
16-Apr-2018 11:13:20.144 INFO [main] org.apache.catalina.startup.VersionLoggerListener.log Command line argument: -Djava.protocol.handler.pkgs=org.apache.catalina.webresources
16-Apr-2018 11:13:20.144 INFO [main] org.apache.catalina.startup.VersionLoggerListener.log Command line argument: -Dignore.endorsed.dirs=
16-Apr-2018 11:13:20.144 INFO [main] org.apache.catalina.startup.VersionLoggerListener.log Command line argument: -Dcatalina.base=C:\Users\User_1\Desktop\Тестове завдання\apache-tomcat-9.0.7
16-Apr-2018 11:13:20.144 INFO [main] org.apache.catalina.startup.VersionLoggerListener.log Command line argument: -Dcatalina.home=C:\Users\User_1\Desktop\Тестове завдання\apache-tomcat-9.0.7
16-Apr-2018 11:13:20.144 INFO [main] org.apache.catalina.startup.VersionLoggerListener.log Command line argument: -Djava.io.tmpdir=C:\Users\User_1\Desktop\Тестове завдання\apache-tomcat-9.0.7\temp
16-Apr-2018 11:13:20.144 INFO [main] org.apache.catalina.core.AprLifecycleListener.lifecycleEvent Loaded APR based Apache Tomcat Native library [1.2.16] using APR version [1.6.3].
16-Apr-2018 11:13:20.144 INFO [main] org.apache.catalina.core.AprLifecycleListener.lifecycleEvent APR capabilities: IPv6 [true], sendfile [true], accept filters [false], random [true].
16-Apr-2018 11:13:20.144 INFO [main] org.apache.catalina.core.AprLifecycleListener.lifecycleEvent APR/OpenSSL configuration: useAprConnector [false], useOpenSSL [true]
16-Apr-2018 11:13:21.085 INFO [main] org.apache.catalina.core.AprLifecycleListener.initializeSSL OpenSSL successfully initialized [OpenSSL 1.0.2m  2 Nov 2017]
16-Apr-2018 11:13:21.565 INFO [main] org.apache.coyote.AbstractProtocol.init Initializing ProtocolHandler ["http-nio-8080"]
16-Apr-2018 11:13:21.675 INFO [main] org.apache.tomcat.util.net.NioSelectorPool.getSharedSelector Using a shared selector for servlet write/read
16-Apr-2018 11:13:21.690 INFO [main] org.apache.coyote.AbstractProtocol.init Initializing ProtocolHandler ["ajp-nio-8009"]
16-Apr-2018 11:13:21.690 INFO [main] org.apache.tomcat.util.net.NioSelectorPool.getSharedSelector Using a shared selector for servlet write/read
16-Apr-2018 11:13:21.690 INFO [main] org.apache.catalina.startup.Catalina.load Initialization processed in 2560 ms
16-Apr-2018 11:13:21.768 INFO [main] org.apache.catalina.core.StandardService.startInternal Starting service [Catalina]
16-Apr-2018 11:13:21.768 INFO [main] org.apache.catalina.core.StandardEngine.startInternal Starting Servlet Engine: Apache Tomcat/9.0.7
16-Apr-2018 11:13:21.784 INFO [main] org.apache.catalina.startup.HostConfig.deployWAR Deploying web application archive [C:\Users\User_1\Desktop\Тестове завдання\apache-tomcat-9.0.7\webapps\AvalTask.war]
16-Apr-2018 11:13:24.722 INFO [main] org.apache.jasper.servlet.TldScanner.scanJars At least one JAR was scanned for TLDs yet contained no TLDs. Enable debug logging for this logger for a complete list of JARs that were scanned but no TLDs were found in them. Skipping unneeded JARs during scanning can improve startup time and JSP compilation time.
16-Apr-2018 11:13:24.925 INFO [main] com.sun.faces.config.ConfigureListener.contextInitialized Initializing Mojarra 2.2.16 ( 20180118-0013 901a18e611bead474715a643c8f634cfa1312414) for context '/AvalTask'
16-Apr-2018 11:13:25.253 INFO [main] com.sun.faces.spi.InjectionProviderFactory.createInstance JSF1048: PostConstruct/PreDestroy annotations present.  ManagedBeans methods marked with these annotations will have said annotations processed.
16-Apr-2018 11:13:26.891 INFO [main] org.primefaces.webapp.PostConstructApplicationEventListener.processEvent Running on PrimeFaces 6.2
16-Apr-2018 11:13:27.122 INFO [main] org.apache.catalina.startup.HostConfig.deployWAR Deployment of web application archive [C:\Users\User_1\Desktop\Тестове завдання\apache-tomcat-9.0.7\webapps\AvalTask.war] has finished in [5,322] ms
16-Apr-2018 11:13:27.122 INFO [main] org.apache.catalina.startup.HostConfig.deployDirectory Deploying web application directory [C:\Users\User_1\Desktop\Тестове завдання\apache-tomcat-9.0.7\webapps\docs]
16-Apr-2018 11:13:27.168 INFO [main] org.apache.catalina.startup.HostConfig.deployDirectory Deployment of web application directory [C:\Users\User_1\Desktop\Тестове завдання\apache-tomcat-9.0.7\webapps\docs] has finished in [46] ms
16-Apr-2018 11:13:27.184 INFO [main] org.apache.catalina.startup.HostConfig.deployDirectory Deploying web application directory [C:\Users\User_1\Desktop\Тестове завдання\apache-tomcat-9.0.7\webapps\examples]
16-Apr-2018 11:13:28.048 INFO [main] org.apache.catalina.startup.HostConfig.deployDirectory Deployment of web application directory [C:\Users\User_1\Desktop\Тестове завдання\apache-tomcat-9.0.7\webapps\examples] has finished in [863] ms
16-Apr-2018 11:13:28.050 INFO [main] org.apache.catalina.startup.HostConfig.deployDirectory Deploying web application directory [C:\Users\User_1\Desktop\Тестове завдання\apache-tomcat-9.0.7\webapps\host-manager]
16-Apr-2018 11:13:28.134 INFO [main] org.apache.catalina.startup.HostConfig.deployDirectory Deployment of web application directory [C:\Users\User_1\Desktop\Тестове завдання\apache-tomcat-9.0.7\webapps\host-manager] has finished in [84] ms
16-Apr-2018 11:13:28.135 INFO [main] org.apache.catalina.startup.HostConfig.deployDirectory Deploying web application directory [C:\Users\User_1\Desktop\Тестове завдання\apache-tomcat-9.0.7\webapps\manager]
16-Apr-2018 11:13:28.180 INFO [main] org.apache.catalina.startup.HostConfig.deployDirectory Deployment of web application directory [C:\Users\User_1\Desktop\Тестове завдання\apache-tomcat-9.0.7\webapps\manager] has finished in [45] ms
16-Apr-2018 11:13:28.181 INFO [main] org.apache.catalina.startup.HostConfig.deployDirectory Deploying web application directory [C:\Users\User_1\Desktop\Тестове завдання\apache-tomcat-9.0.7\webapps\ROOT]
16-Apr-2018 11:13:28.221 INFO [main] org.apache.catalina.startup.HostConfig.deployDirectory Deployment of web application directory [C:\Users\User_1\Desktop\Тестове завдання\apache-tomcat-9.0.7\webapps\ROOT] has finished in [40] ms
16-Apr-2018 11:13:28.227 INFO [main] org.apache.coyote.AbstractProtocol.start Starting ProtocolHandler ["http-nio-8080"]
16-Apr-2018 11:13:28.241 INFO [main] org.apache.coyote.AbstractProtocol.start Starting ProtocolHandler ["ajp-nio-8009"]
16-Apr-2018 11:13:28.246 INFO [main] org.apache.catalina.startup.Catalina.start Server startup in 6544 ms
16-Apr-2018 11:13:34.868 INFO [http-nio-8080-exec-1] com.sun.faces.application.view.ViewScopeManager.<init> CDI @ViewScoped bean functionality unavailable
16-Apr-2018 12:36:38.633 SEVERE [main] org.apache.catalina.startup.Catalina.stopServer Could not contact [localhost:[8005]]. Tomcat may not be running.
16-Apr-2018 12:36:38.633 SEVERE [main] org.apache.catalina.startup.Catalina.stopServer Catalina.stop: 
 java.net.ConnectException: Connection refused: connect
	at java.net.DualStackPlainSocketImpl.connect0(Native Method)
	at java.net.DualStackPlainSocketImpl.socketConnect(DualStackPlainSocketImpl.java:79)
	at java.net.AbstractPlainSocketImpl.doConnect(AbstractPlainSocketImpl.java:350)
	at java.net.AbstractPlainSocketImpl.connectToAddress(AbstractPlainSocketImpl.java:206)
	at java.net.AbstractPlainSocketImpl.connect(AbstractPlainSocketImpl.java:188)
	at java.net.PlainSocketImpl.connect(PlainSocketImpl.java:172)
	at java.net.SocksSocketImpl.connect(SocksSocketImpl.java:392)
	at java.net.Socket.connect(Socket.java:589)
	at java.net.Socket.connect(Socket.java:538)
	at java.net.Socket.<init>(Socket.java:434)
	at java.net.Socket.<init>(Socket.java:211)
	at org.apache.catalina.startup.Catalina.stopServer(Catalina.java:498)
	at sun.reflect.NativeMethodAccessorImpl.invoke0(Native Method)
	at sun.reflect.NativeMethodAccessorImpl.invoke(NativeMethodAccessorImpl.java:62)
	at sun.reflect.DelegatingMethodAccessorImpl.invoke(DelegatingMethodAccessorImpl.java:43)
	at java.lang.reflect.Method.invoke(Method.java:498)
	at org.apache.catalina.startup.Bootstrap.stopServer(Bootstrap.java:403)
	at org.apache.catalina.startup.Bootstrap.main(Bootstrap.java:494)

